batch_size=256
discount_factor=0.99
epsilon=1.0
epsilon_min=0.005
epsilon_steps=5000
hidden_sizes=[]
learning_rate=0.001
train_start=100
opponent=random0.5
Round 0: lose - 24 cards left - epsilon=0.9946 - win rate: 0.0%, avg reward: 0.0
Round 1: lose - 33 cards left - epsilon=0.9865 - win rate: 0.0%, avg reward: -164.5
Round 2: lose - 27 cards left - epsilon=0.9823 - win rate: 0.0%, avg reward: -226.67
Round 3: lose - 37 cards left - epsilon=0.9759 - win rate: 0.0%, avg reward: -252.75
Round 4: lose - 29 cards left - epsilon=0.9711 - win rate: 0.0%, avg reward: -301.6
Round 5: lose - 37 cards left - epsilon=0.9638 - win rate: 0.0%, avg reward: -313.5
Round 6: lose - 23 cards left - epsilon=0.9598 - win rate: 0.0%, avg reward: -307.71
Round 7: lose - 19 cards left - epsilon=0.9560 - win rate: 0.0%, avg reward: -306.0
Round 8: lose - 37 cards left - epsilon=0.9453 - win rate: 0.0%, avg reward: -294.33
Round 9: lose - 33 cards left - epsilon=0.9375 - win rate: 0.0%, avg reward: -302.6
Round 10: lose - 45 cards left - epsilon=0.9220 - win rate: 0.0%, avg reward: -303.64
Round 11: lose - 40 cards left - epsilon=0.9095 - win rate: 0.0%, avg reward: -323.83
Round 12: lose - 9 cards left - epsilon=0.9083 - win rate: 0.0%, avg reward: -331.15
Round 13: lose - 31 cards left - epsilon=0.9003 - win rate: 0.0%, avg reward: -319.21
Round 14: lose - 30 cards left - epsilon=0.8951 - win rate: 0.0%, avg reward: -330.67
Round 15: lose - 29 cards left - epsilon=0.8894 - win rate: 0.0%, avg reward: -331.31
Round 16: lose - 15 cards left - epsilon=0.8880 - win rate: 0.0%, avg reward: -333.59
Round 17: lose - 16 cards left - epsilon=0.8860 - win rate: 0.0%, avg reward: -328.0
Round 18: lose - 41 cards left - epsilon=0.8770 - win rate: 0.0%, avg reward: -319.37
Round 19: lose - 23 cards left - epsilon=0.8724 - win rate: 0.0%, avg reward: -327.0
Round 20: lose - 67 cards left - epsilon=0.8432 - win rate: 0.0%, avg reward: -323.05
Round 21: lose - 16 cards left - epsilon=0.8418 - win rate: 0.0%, avg reward: -341.32
Round 22: lose - 18 cards left - epsilon=0.8382 - win rate: 0.0%, avg reward: -334.0
Round 23: lose - 57 cards left - epsilon=0.8147 - win rate: 0.0%, avg reward: -326.71
Round 24: lose - 11 cards left - epsilon=0.8129 - win rate: 0.0%, avg reward: -339.2
Round 25: lose - 59 cards left - epsilon=0.7706 - win rate: 0.0%, avg reward: -329.77
Round 26: lose - 39 cards left - epsilon=0.7491 - win rate: 0.0%, avg reward: -341.89
Round 27: lose - 28 cards left - epsilon=0.7407 - win rate: 0.0%, avg reward: -346.54
Round 28: lose - 42 cards left - epsilon=0.7282 - win rate: 0.0%, avg reward: -348.03
Round 29: lose - 10 cards left - epsilon=0.7254 - win rate: 0.0%, avg reward: -349.63
Round 30: lose - 18 cards left - epsilon=0.7192 - win rate: 0.0%, avg reward: -342.65
Round 31: lose - 24 cards left - epsilon=0.7152 - win rate: 0.0%, avg reward: -336.66
Round 32: lose - 20 cards left - epsilon=0.7089 - win rate: 0.0%, avg reward: -336.0
Round 33: lose - 21 cards left - epsilon=0.7019 - win rate: 0.0%, avg reward: -330.03
Round 34: lose - 27 cards left - epsilon=0.6947 - win rate: 0.0%, avg reward: -327.91
Round 35: lose - 29 cards left - epsilon=0.6890 - win rate: 0.0%, avg reward: -323.97
Round 36: lose - 14 cards left - epsilon=0.6878 - win rate: 0.0%, avg reward: -320.89
Round 37: lose - 19 cards left - epsilon=0.6836 - win rate: 0.0%, avg reward: -316.53
Round 38: lose - 17 cards left - epsilon=0.6756 - win rate: 0.0%, avg reward: -314.21
Round 39: lose - 16 cards left - epsilon=0.6703 - win rate: 0.0%, avg reward: -311.23
Round 40: lose - 29 cards left - epsilon=0.6525 - win rate: 0.0%, avg reward: -308.12
Round 41: lose - 11 cards left - epsilon=0.6476 - win rate: 0.0%, avg reward: -308.95
Round 42: lose - 8 cards left - epsilon=0.6436 - win rate: 0.0%, avg reward: -303.7
Round 43: lose - 29 cards left - epsilon=0.6269 - win rate: 0.0%, avg reward: -299.39
Round 44: lose - 11 cards left - epsilon=0.6215 - win rate: 0.0%, avg reward: -297.36
Round 45: lose - 12 cards left - epsilon=0.6094 - win rate: 0.0%, avg reward: -293.07
Round 46: lose - 24 cards left - epsilon=0.5934 - win rate: 0.0%, avg reward: -290.96
Round 47: lose - 14 cards left - epsilon=0.5741 - win rate: 0.0%, avg reward: -289.69
Round 48: lose - 12 cards left - epsilon=0.5706 - win rate: 0.0%, avg reward: -287.41
Round 49: lose - 6 cards left - epsilon=0.5692 - win rate: 0.0%, avg reward: -283.22
Round 50: lose - 18 cards left - epsilon=0.5347 - win rate: 0.0%, avg reward: -279.14
Round 51: lose - 18 cards left - epsilon=0.5170 - win rate: 0.0%, avg reward: -277.69
Round 52: lose - 12 cards left - epsilon=0.5140 - win rate: 0.0%, avg reward: -275.92
Round 53: lose - 13 cards left - epsilon=0.4838 - win rate: 0.0%, avg reward: -272.8
Round 54: lose - 12 cards left - epsilon=0.4723 - win rate: 0.0%, avg reward: -269.89
Round 55: lose - 17 cards left - epsilon=0.4699 - win rate: 0.0%, avg reward: -266.34
Round 56: lose - 15 cards left - epsilon=0.4667 - win rate: 0.0%, avg reward: -263.77
Round 57: lose - 3 cards left - epsilon=0.4424 - win rate: 0.0%, avg reward: -263.55
Round 58: lose - 12 cards left - epsilon=0.4380 - win rate: 0.0%, avg reward: -259.59
Round 59: lose - 6 cards left - epsilon=0.4356 - win rate: 0.0%, avg reward: -257.93
Round 60: win - epsilon=0.4237 - win rate: 0.0%, avg reward: -254.36
Round 61: lose - 12 cards left - epsilon=0.4096 - win rate: 1.61%, avg reward: -249.45
Round 62: lose - 7 cards left - epsilon=0.3962 - win rate: 1.59%, avg reward: -246.95
Round 63: lose - 13 cards left - epsilon=0.3952 - win rate: 1.56%, avg reward: -243.88
Round 64: lose - 14 cards left - epsilon=0.3889 - win rate: 1.54%, avg reward: -242.72
Round 65: lose - 5 cards left - epsilon=0.3803 - win rate: 1.52%, avg reward: -241.59
Round 66: lose - 6 cards left - epsilon=0.3769 - win rate: 1.49%, avg reward: -238.94
Round 67: lose - 10 cards left - epsilon=0.3714 - win rate: 1.47%, avg reward: -235.96
Round 68: lose - 7 cards left - epsilon=0.3628 - win rate: 1.45%, avg reward: -233.55
Round 69: lose - 9 cards left - epsilon=0.3602 - win rate: 1.43%, avg reward: -231.11
Round 70: lose - 8 cards left - epsilon=0.3590 - win rate: 1.41%, avg reward: -229.38
Round 71: lose - 16 cards left - epsilon=0.3538 - win rate: 1.39%, avg reward: -226.89
Round 72: lose - 6 cards left - epsilon=0.3453 - win rate: 1.37%, avg reward: -226.15
Round 73: lose - 2 cards left - epsilon=0.3367 - win rate: 1.35%, avg reward: -223.74
Round 74: win - epsilon=0.3302 - win rate: 1.33%, avg reward: -221.12
Round 75: lose - 9 cards left - epsilon=0.3268 - win rate: 2.63%, avg reward: -217.95
Round 76: lose - 2 cards left - epsilon=0.3238 - win rate: 2.6%, avg reward: -215.81
Round 77: lose - 6 cards left - epsilon=0.3212 - win rate: 2.56%, avg reward: -213.22
Round 78: win - epsilon=0.3198 - win rate: 2.53%, avg reward: -211.05
Round 79: lose - 10 cards left - epsilon=0.3089 - win rate: 3.75%, avg reward: -207.79
Round 80: win - epsilon=0.3049 - win rate: 3.7%, avg reward: -206.01
Round 81: lose - 11 cards left - epsilon=0.2991 - win rate: 4.88%, avg reward: -203.43
Round 82: lose - 9 cards left - epsilon=0.2961 - win rate: 4.82%, avg reward: -201.67
Round 83: lose - 7 cards left - epsilon=0.2928 - win rate: 4.76%, avg reward: -200.35
Round 84: win - epsilon=0.2812 - win rate: 4.71%, avg reward: -198.34
Round 85: lose - 3 cards left - epsilon=0.2758 - win rate: 5.81%, avg reward: -195.38
Round 86: win - epsilon=0.2699 - win rate: 5.75%, avg reward: -193.49
Round 87: lose - 5 cards left - epsilon=0.2591 - win rate: 6.82%, avg reward: -190.77
Round 88: lose - 3 cards left - epsilon=0.2547 - win rate: 6.74%, avg reward: -189.12
Round 89: win - epsilon=0.2526 - win rate: 6.67%, avg reward: -187.51
Round 90: win - epsilon=0.2502 - win rate: 7.69%, avg reward: -184.95
Round 91: lose - 2 cards left - epsilon=0.2346 - win rate: 8.7%, avg reward: -182.37
Round 92: lose - 4 cards left - epsilon=0.2339 - win rate: 8.6%, avg reward: -180.69
Round 93: win - epsilon=0.2241 - win rate: 8.51%, avg reward: -179.0
