batch_size=256
discount_factor=0.99
epsilon=1.0
epsilon_min=0.005
epsilon_steps=5000
hidden_sizes=[]
learning_rate=0.001
train_start=100
opponent=random1
Round 0: lose - 13 cards left - epsilon=0.9980 - win rate: 0.0%, avg reward: 0.0
Round 1: lose - 44 cards left - epsilon=0.9887 - win rate: 0.0%, avg reward: -81.0
Round 2: lose - 24 cards left - epsilon=0.9847 - win rate: 0.0%, avg reward: -171.33
Round 3: lose - 24 cards left - epsilon=0.9787 - win rate: 0.0%, avg reward: -171.75
Round 4: lose - 13 cards left - epsilon=0.9775 - win rate: 0.0%, avg reward: -196.8
Round 5: lose - 20 cards left - epsilon=0.9729 - win rate: 0.0%, avg reward: -179.0
Round 6: lose - 34 cards left - epsilon=0.9634 - win rate: 0.0%, avg reward: -186.57
Round 7: lose - 23 cards left - epsilon=0.9588 - win rate: 0.0%, avg reward: -212.38
Round 8: lose - 17 cards left - epsilon=0.9558 - win rate: 0.0%, avg reward: -221.22
Round 9: lose - 38 cards left - epsilon=0.9477 - win rate: 0.0%, avg reward: -230.5
Round 10: lose - 23 cards left - epsilon=0.9421 - win rate: 0.0%, avg reward: -255.82
Round 11: lose - 26 cards left - epsilon=0.9391 - win rate: 0.0%, avg reward: -257.92
Round 12: lose - 29 cards left - epsilon=0.9351 - win rate: 0.0%, avg reward: -261.23
Round 13: lose - 14 cards left - epsilon=0.9335 - win rate: 0.0%, avg reward: -256.86
Round 14: lose - 29 cards left - epsilon=0.9264 - win rate: 0.0%, avg reward: -250.73
Round 15: lose - 33 cards left - epsilon=0.9188 - win rate: 0.0%, avg reward: -260.88
Round 16: lose - 12 cards left - epsilon=0.9176 - win rate: 0.0%, avg reward: -266.88
Round 17: lose - 37 cards left - epsilon=0.9103 - win rate: 0.0%, avg reward: -262.61
Round 18: lose - 29 cards left - epsilon=0.9049 - win rate: 0.0%, avg reward: -266.47
Round 19: lose - 32 cards left - epsilon=0.8937 - win rate: 0.0%, avg reward: -272.0
Round 20: lose - 26 cards left - epsilon=0.8880 - win rate: 0.0%, avg reward: -274.19
Round 21: lose - 13 cards left - epsilon=0.8842 - win rate: 0.0%, avg reward: -273.91
Round 22: lose - 25 cards left - epsilon=0.8788 - win rate: 0.0%, avg reward: -271.17
Round 23: lose - 18 cards left - epsilon=0.8778 - win rate: 0.0%, avg reward: -273.62
Round 24: lose - 16 cards left - epsilon=0.8764 - win rate: 0.0%, avg reward: -270.4
Round 25: lose - 50 cards left - epsilon=0.8573 - win rate: 0.0%, avg reward: -267.38
Round 26: lose - 14 cards left - epsilon=0.8563 - win rate: 0.0%, avg reward: -277.07
Round 27: lose - 73 cards left - epsilon=0.8227 - win rate: 0.0%, avg reward: -272.89
Round 28: lose - 11 cards left - epsilon=0.8211 - win rate: 0.0%, avg reward: -290.9
Round 29: lose - 45 cards left - epsilon=0.8068 - win rate: 0.0%, avg reward: -284.5
Round 30: lose - 12 cards left - epsilon=0.8038 - win rate: 0.0%, avg reward: -289.19
Round 31: lose - 18 cards left - epsilon=0.8012 - win rate: 0.0%, avg reward: -284.16
Round 32: lose - 19 cards left - epsilon=0.7992 - win rate: 0.0%, avg reward: -282.27
Round 33: lose - 12 cards left - epsilon=0.7978 - win rate: 0.0%, avg reward: -280.29
Round 34: lose - 41 cards left - epsilon=0.7779 - win rate: 0.0%, avg reward: -274.51
Round 35: lose - 27 cards left - epsilon=0.7692 - win rate: 0.0%, avg reward: -279.61
Round 36: lose - 13 cards left - epsilon=0.7636 - win rate: 0.0%, avg reward: -279.46
Round 37: lose - 17 cards left - epsilon=0.7608 - win rate: 0.0%, avg reward: -275.61
Round 38: lose - 53 cards left - epsilon=0.7397 - win rate: 0.0%, avg reward: -275.44
Round 39: lose - 18 cards left - epsilon=0.7355 - win rate: 0.0%, avg reward: -281.88
Round 40: lose - 17 cards left - epsilon=0.7329 - win rate: 0.0%, avg reward: -280.27
Round 41: lose - 17 cards left - epsilon=0.7250 - win rate: 0.0%, avg reward: -279.76
Round 42: lose - 14 cards left - epsilon=0.7234 - win rate: 0.0%, avg reward: -278.84
Round 43: lose - 38 cards left - epsilon=0.7146 - win rate: 0.0%, avg reward: -276.34
Round 44: lose - 45 cards left - epsilon=0.6997 - win rate: 0.0%, avg reward: -278.56
Round 45: lose - 44 cards left - epsilon=0.6786 - win rate: 0.0%, avg reward: -281.74
Round 46: lose - 18 cards left - epsilon=0.6726 - win rate: 0.0%, avg reward: -285.53
Round 47: lose - 28 cards left - epsilon=0.6639 - win rate: 0.0%, avg reward: -283.98
Round 48: lose - 20 cards left - epsilon=0.6571 - win rate: 0.0%, avg reward: -284.45
Round 49: lose - 25 cards left - epsilon=0.6494 - win rate: 0.0%, avg reward: -283.62
Round 50: lose - 13 cards left - epsilon=0.6364 - win rate: 0.0%, avg reward: -283.1
Round 51: lose - 30 cards left - epsilon=0.6125 - win rate: 0.0%, avg reward: -280.38
Round 52: lose - 16 cards left - epsilon=0.6110 - win rate: 0.0%, avg reward: -278.68
Round 53: lose - 13 cards left - epsilon=0.6080 - win rate: 0.0%, avg reward: -275.59
Round 54: lose - 18 cards left - epsilon=0.6012 - win rate: 0.0%, avg reward: -272.18
Round 55: lose - 16 cards left - epsilon=0.5966 - win rate: 0.0%, avg reward: -271.0
